{"level":"info","ts":1776311713.724288,"msg":"handling transfer request","trace_id":"9aba6e8c3386dbf0e0ad82f9029bb589","method":"POST","path":"/transfers-intrabank"}
{"level":"info","ts":1776311713.7311559,"msg":"processing transfer","trace_id":"9aba6e8c3386dbf0e0ad82f9029bb589","from_account_id":"0888813602206302","to_account_id":"0888548567788792","amount":"670000.00","idempotency_key":"EXT-TRF-1a954b8c-f632-470d-a07e-91b3d263383c"}
{"level":"info","ts":1776311713.7328904,"msg":"processing transfer via gRPC","trace_id":"9aba6e8c3386dbf0e0ad82f9029bb589","from":"0888813602206302","to":"0888548567788792","amount":"670000.00"}
{"level":"error","ts":1776311713.7855449,"msg":"source account not found via gRPC","source_account_no":"0888813602206302","error":"rpc error: code = Internal desc = grpc: error while marshaling: proto: failed to marshal, message is *accountpb.GetByAccountNumberRequest, want proto.Message"}
{"level":"error","ts":1776311713.7904656,"msg":"transfer failed","trace_id":"9aba6e8c3386dbf0e0ad82f9029bb589","error":"account not found"}
{"level":"error","ts":1776311713.7927668,"msg":"failed to process transfer","error":"account not found","trace_id":"9aba6e8c3386dbf0e0ad82f9029bb589"}
{"level":"info","ts":1776311713.7956583,"msg":"http request","method":"POST","path":"/transfers-intrabank","duration":0.081018896,"trace_id":"9aba6e8c3386dbf0e0ad82f9029bb589"}
{"level":"info","ts":1776314316.6898348,"msg":"handling transfer request","trace_id":"b8e00adb08b918404f4b9343d8d17215","method":"POST","path":"/transfers-intrabank"}
{"level":"info","ts":1776314316.692317,"msg":"processing transfer","trace_id":"b8e00adb08b918404f4b9343d8d17215","from_account_id":"0888813602206302","to_account_id":"0888548567788792","amount":"670000.00","idempotency_key":"EXT-TRF-45ff79ab-dacb-45ab-b8b8-002f3ade7be2"}
{"level":"info","ts":1776314316.6936176,"msg":"processing transfer via gRPC","trace_id":"b8e00adb08b918404f4b9343d8d17215","from":"0888813602206302","to":"0888548567788792","amount":"670000.00"}
{"level":"error","ts":1776314316.8094044,"msg":"source account not found via gRPC","source_account_no":"0888813602206302","error":"rpc error: code = Internal desc = grpc: error while marshaling: proto: failed to marshal, message is *accountpb.GetByAccountNumberRequest, want proto.Message"}
{"level":"error","ts":1776314316.8102152,"msg":"transfer failed","trace_id":"b8e00adb08b918404f4b9343d8d17215","error":"account not found"}
{"level":"error","ts":1776314316.8105335,"msg":"failed to process transfer","error":"account not found","trace_id":"b8e00adb08b918404f4b9343d8d17215"}
{"level":"info","ts":1776314316.8109577,"msg":"http request","method":"POST","path":"/transfers-intrabank","duration":0.123708994,"trace_id":"b8e00adb08b918404f4b9343d8d17215"}
{"level":"info","ts":1776314451.5041034,"msg":"handling transfer request","trace_id":"3151a750e33a33f870c135a129dbdcf9","method":"POST","path":"/transfers-intrabank"}
{"level":"info","ts":1776314451.5060186,"msg":"processing transfer","trace_id":"3151a750e33a33f870c135a129dbdcf9","from_account_id":"0888813602206302","to_account_id":"0888548567788792","amount":"670000.00","idempotency_key":"EXT-TRF-bbb9ea08-dc61-40c7-b470-9fdc96b56c71"}
{"level":"info","ts":1776314451.5083272,"msg":"processing transfer via gRPC","trace_id":"3151a750e33a33f870c135a129dbdcf9","from":"0888813602206302","to":"0888548567788792","amount":"670000.00"}
{"level":"error","ts":1776314451.6559844,"msg":"source account not found via gRPC","source_account_no":"0888813602206302","error":"rpc error: code = Internal desc = grpc: error while marshaling: proto: failed to marshal, message is *accountpb.GetByAccountNumberRequest, want proto.Message"}
{"level":"error","ts":1776314451.6563635,"msg":"transfer failed","trace_id":"3151a750e33a33f870c135a129dbdcf9","error":"account not found"}
{"level":"error","ts":1776314451.6566823,"msg":"failed to process transfer","error":"account not found","trace_id":"3151a750e33a33f870c135a129dbdcf9"}
{"level":"info","ts":1776314451.6571538,"msg":"http request","method":"POST","path":"/transfers-intrabank","duration":0.154212377,"trace_id":"3151a750e33a33f870c135a129dbdcf9"}
{"level":"info","ts":1776323014.5281897,"msg":"handling transfer request","trace_id":"ca0a65b776260f120c894c80bca1572c","method":"POST","path":"/transfers-intrabank"}
{"level":"info","ts":1776323014.5294983,"msg":"processing transfer","trace_id":"ca0a65b776260f120c894c80bca1572c","from_account_id":"0888813602206302","to_account_id":"0888548567788792","amount":"670000.00","idempotency_key":"EXT-TRF-0ebaebe4-82e8-444a-9909-6a05751b51b8"}
{"level":"info","ts":1776323014.53112,"msg":"processing transfer via gRPC","trace_id":"ca0a65b776260f120c894c80bca1572c","from":"0888813602206302","to":"0888548567788792","amount":"670000.00"}
{"level":"error","ts":1776323014.646188,"msg":"source account not found via gRPC","source_account_no":"0888813602206302","error":"rpc error: code = NotFound desc = account not found: 0888813602206302"}
{"level":"error","ts":1776323014.6484396,"msg":"transfer failed","trace_id":"ca0a65b776260f120c894c80bca1572c","error":"account not found"}
{"level":"error","ts":1776323014.6487198,"msg":"failed to process transfer","error":"account not found","trace_id":"ca0a65b776260f120c894c80bca1572c"}
{"level":"info","ts":1776323014.649158,"msg":"http request","method":"POST","path":"/transfers-intrabank","duration":0.122070187,"trace_id":"ca0a65b776260f120c894c80bca1572c"}
{"level":"info","ts":1776323065.4219675,"msg":"http request","method":"GET","path":"/accounts","duration":0.000164799,"trace_id":"df1c386caae2df530a7eba6793b4b29e"}
{"level":"info","ts":1776323282.35955,"msg":"handling transfer request","trace_id":"a4dc8faedf6b93b7c23c93c5227ffe57","method":"POST","path":"/transfers-intrabank"}
{"level":"info","ts":1776323282.3604078,"msg":"processing transfer","trace_id":"a4dc8faedf6b93b7c23c93c5227ffe57","from_account_id":"0888731717206956","to_account_id":"0888350429800487","amount":"670000.00","idempotency_key":"EXT-TRF-e1bef2ce-19b3-4d4f-bcae-b88f2de854da"}
{"level":"info","ts":1776323282.3613434,"msg":"processing transfer via gRPC","trace_id":"a4dc8faedf6b93b7c23c93c5227ffe57","from":"0888731717206956","to":"0888350429800487","amount":"670000.00"}
{"level":"info","ts":1776323282.3797183,"msg":"inserting transaction into database","trace_id":"a4dc8faedf6b93b7c23c93c5227ffe57","from_account_id":"43eb76ff-913d-4195-8bce-4a54018bc35d","to_account_id":"27a62707-6636-48bd-b6b3-0cd464fca7da","amount":670000}
{"level":"info","ts":1776323282.3851905,"msg":"http request","method":"POST","path":"/transfers-intrabank","duration":0.02653733,"trace_id":"a4dc8faedf6b93b7c23c93c5227ffe57"}
{"level":"info","ts":1776323282.4102876,"msg":"kafka published","topic":"account.transaction","key":"0888731717206956","trace_id":"a4dc8faedf6b93b7c23c93c5227ffe57"}
{"level":"info","ts":1776409161.57358,"msg":"handling transfer request","trace_id":"be3a12abc5a8c1c0eb4a21c9b94026de","method":"POST","path":"/transfers-intrabank"}
{"level":"info","ts":1776409161.5957289,"msg":"processing transfer","trace_id":"be3a12abc5a8c1c0eb4a21c9b94026de","from_account_id":"0888731717206956","to_account_id":"0888350429800487","amount":"100000.00","idempotency_key":"EXT-TRF-54055518-20d6-4d2e-937d-e6d1919a8ab2"}
{"level":"info","ts":1776409161.5972269,"msg":"processing transfer via gRPC","trace_id":"be3a12abc5a8c1c0eb4a21c9b94026de","from":"0888731717206956","to":"0888350429800487","amount":"100000.00"}
{"level":"info","ts":1776409162.0966043,"msg":"inserting transaction into database","trace_id":"be3a12abc5a8c1c0eb4a21c9b94026de","from_account_id":"43eb76ff-913d-4195-8bce-4a54018bc35d","to_account_id":"27a62707-6636-48bd-b6b3-0cd464fca7da","amount":100000}
{"level":"info","ts":1776409162.1625812,"msg":"http request","method":"POST","path":"/transfers-intrabank","duration":0.645735202,"trace_id":"be3a12abc5a8c1c0eb4a21c9b94026de"}
{"level":"info","ts":1776409162.2154028,"msg":"kafka published","topic":"account.transaction","key":"0888731717206956","trace_id":"be3a12abc5a8c1c0eb4a21c9b94026de"}
